<?xml version="1.0" encoding="UTF-8"?>
<coverage generated="1713528359600" clover="3.2.0">
  <project timestamp="1713528359600" name="All files">
    <metrics statements="14" coveredstatements="14" conditionals="9" coveredconditionals="9" methods="4" coveredmethods="4" elements="27" coveredelements="27" complexity="0" loc="14" ncloc="14" packages="1" files="1" classes="1"/>
    <file name="testindex.js" path="C:\Users\shann\OneDrive\Desktop\Task\jest-test\testindex.js">
      <metrics statements="14" coveredstatements="14" conditionals="9" coveredconditionals="9" methods="4" coveredmethods="4"/>
      <line num="2" count="2" type="cond" truecount="2" falsecount="0"/>
      <line num="3" count="1" type="stmt"/>
      <line num="4" count="1" type="stmt"/>
      <line num="7" count="1" type="stmt"/>
      <line num="9" count="1" type="stmt"/>
      <line num="10" count="3" type="stmt"/>
      <line num="11" count="3" type="stmt"/>
      <line num="12" count="3" type="stmt"/>
      <line num="19" count="3" type="stmt"/>
      <line num="27" count="6" type="stmt"/>
      <line num="28" count="18" type="stmt"/>
      <line num="29" count="18" type="cond" truecount="2" falsecount="0"/>
      <line num="30" count="18" type="cond" truecount="2" falsecount="0"/>
      <line num="31" count="18" type="cond" truecount="3" falsecount="0"/>
    </file>
  </project>
</coverage>
