{"C:\\Users\\shann\\OneDrive\\Desktop\\Task\\jest-test\\testindex.js": {"path":"C:\\Users\\shann\\OneDrive\\Desktop\\Task\\jest-test\\testindex.js","statementMap":{"0":{"start":{"line":2,"column":4},"end":{"line":5,"column":5}},"1":{"start":{"line":3,"column":8},"end":{"line":3,"column":56}},"2":{"start":{"line":4,"column":8},"end":{"line":4,"column":15}},"3":{"start":{"line":7,"column":4},"end":{"line":7,"column":30}},"4":{"start":{"line":9,"column":4},"end":{"line":20,"column":7}},"5":{"start":{"line":10,"column":26},"end":{"line":10,"column":55}},"6":{"start":{"line":11,"column":8},"end":{"line":11,"column":46}},"7":{"start":{"line":12,"column":8},"end":{"line":18,"column":10}},"8":{"start":{"line":19,"column":8},"end":{"line":19,"column":42}},"9":{"start":{"line":27,"column":4},"end":{"line":32,"column":7}},"10":{"start":{"line":28,"column":29},"end":{"line":28,"column":96}},"11":{"start":{"line":29,"column":29},"end":{"line":29,"column":118}},"12":{"start":{"line":30,"column":28},"end":{"line":30,"column":86}},"13":{"start":{"line":31,"column":8},"end":{"line":31,"column":59}}},"fnMap":{"0":{"name":"displayMovies","decl":{"start":{"line":1,"column":16},"end":{"line":1,"column":29}},"loc":{"start":{"line":1,"column":50},"end":{"line":21,"column":1}},"line":1},"1":{"name":"(anonymous_1)","decl":{"start":{"line":9,"column":19},"end":{"line":9,"column":20}},"loc":{"start":{"line":9,"column":28},"end":{"line":20,"column":5}},"line":9},"2":{"name":"filterMovies","decl":{"start":{"line":26,"column":16},"end":{"line":26,"column":28}},"loc":{"start":{"line":26,"column":79},"end":{"line":33,"column":1}},"line":26},"3":{"name":"(anonymous_3)","decl":{"start":{"line":27,"column":29},"end":{"line":27,"column":30}},"loc":{"start":{"line":27,"column":38},"end":{"line":32,"column":5}},"line":27}},"branchMap":{"0":{"loc":{"start":{"line":2,"column":4},"end":{"line":5,"column":5}},"type":"if","locations":[{"start":{"line":2,"column":4},"end":{"line":5,"column":5}},{"start":{},"end":{}}],"line":2},"1":{"loc":{"start":{"line":29,"column":29},"end":{"line":29,"column":118}},"type":"binary-expr","locations":[{"start":{"line":29,"column":29},"end":{"line":29,"column":53}},{"start":{"line":29,"column":57},"end":{"line":29,"column":118}}],"line":29},"2":{"loc":{"start":{"line":30,"column":28},"end":{"line":30,"column":86}},"type":"binary-expr","locations":[{"start":{"line":30,"column":28},"end":{"line":30,"column":51}},{"start":{"line":30,"column":55},"end":{"line":30,"column":86}}],"line":30},"3":{"loc":{"start":{"line":31,"column":15},"end":{"line":31,"column":58}},"type":"binary-expr","locations":[{"start":{"line":31,"column":15},"end":{"line":31,"column":27}},{"start":{"line":31,"column":31},"end":{"line":31,"column":43}},{"start":{"line":31,"column":47},"end":{"line":31,"column":58}}],"line":31}},"s":{"0":2,"1":1,"2":1,"3":1,"4":1,"5":3,"6":3,"7":3,"8":3,"9":6,"10":18,"11":18,"12":18,"13":18},"f":{"0":2,"1":3,"2":6,"3":18},"b":{"0":[1,1],"1":[18,9],"2":[18,9],"3":[18,13,10]},"_coverageSchema":"1a1c01bbd47fc00a2c39e90264f33305004495a9","hash":"d53e2a62ba1403f51642fe44dbe6e76024f8a7c5"}
}
